Using pre-set license
Built from '2020.3/staging' branch; Version is '2020.3.11f1 (99c7afb366b3) revision 10078127'; Using compiler version '192528614'; Build Type 'Release'
OS: 'Windows 10 Home; OS build 19041.1110; Version 2004; 64bit' Language: 'ko' Physical Memory: 32647 MB
BatchMode: 1, IsHumanControllingUs: 0, StartBugReporterOnCrash: 0, Is64bit: 1, IsPro: 0

 COMMAND LINE ARGUMENTS:
C:\Program Files\Unity\Hub\Editor\2020.3.11f1\Editor\Unity.exe
-adb2
-batchMode
-noUpm
-name
AssetImportWorker0
-projectPath
D:/_Medichi_lecture/VR/TheNameofGOD
-logFile
Logs/AssetImportWorker0.log
-srvPort
12107
Successfully changed project path to: D:/_Medichi_lecture/VR/TheNameofGOD
D:/_Medichi_lecture/VR/TheNameofGOD
Using Asset Import Pipeline V2.
Refreshing native plugins compatible for Editor in 38.23 ms, found 2 plugins.
Preloading 0 native plugins for Editor in 0.00 ms.
Initialize engine version: 2020.3.11f1 (99c7afb366b3)
[Subsystems] Discovering subsystems at path C:/Program Files/Unity/Hub/Editor/2020.3.11f1/Editor/Data/Resources/UnitySubsystems
[Subsystems] Discovering subsystems at path D:/_Medichi_lecture/VR/TheNameofGOD/Assets
GfxDevice: creating device client; threaded=0
Direct3D:
    Version:  Direct3D 11.0 [level 11.1]
    Renderer: NVIDIA GeForce GTX 1070 (ID=0x1be1)
    Vendor:   
    VRAM:     8081 MB
    Driver:   27.21.14.5167
Initialize mono
Mono path[0] = 'C:/Program Files/Unity/Hub/Editor/2020.3.11f1/Editor/Data/Managed'
Mono path[1] = 'C:/Program Files/Unity/Hub/Editor/2020.3.11f1/Editor/Data/MonoBleedingEdge/lib/mono/unityjit'
Mono config path = 'C:/Program Files/Unity/Hub/Editor/2020.3.11f1/Editor/Data/MonoBleedingEdge/etc'
Using monoOptions --debugger-agent=transport=dt_socket,embedding=1,server=y,suspend=n,address=127.0.0.1:56684
Begin MonoManager ReloadAssembly
Registering precompiled unity dll's ...
Register platform support module: C:/Program Files/Unity/Hub/Editor/2020.3.11f1/Editor/Data/PlaybackEngines/WebGLSupport/UnityEditor.WebGL.Extensions.dll
Register platform support module: C:/Program Files/Unity/Hub/Editor/2020.3.11f1/Editor/Data/PlaybackEngines/WindowsStandaloneSupport/UnityEditor.WindowsStandalone.Extensions.dll
Registered in 0.002092 seconds.
Native extension for WindowsStandalone target not found
Native extension for WebGL target not found
Refreshing native plugins compatible for Editor in 37.54 ms, found 2 plugins.
Preloading 0 native plugins for Editor in 0.00 ms.
Mono: successfully reloaded assembly
- Completed reload, in  1.877 seconds
Platform modules already initialized, skipping
Registering precompiled user dll's ...
Registered in 0.002545 seconds.
Begin MonoManager ReloadAssembly
Native extension for WindowsStandalone target not found
Native extension for WebGL target not found
Refreshing native plugins compatible for Editor in 0.42 ms, found 2 plugins.
Preloading 0 native plugins for Editor in 0.00 ms.
Mono: successfully reloaded assembly
- Completed reload, in  0.904 seconds
Platform modules already initialized, skipping
========================================================================
Worker process is ready to serve import requests
Launched and connected shader compiler UnityShaderCompiler.exe after 0.04 seconds
Refreshing native plugins compatible for Editor in 0.44 ms, found 2 plugins.
Preloading 0 native plugins for Editor in 0.00 ms.
Unloading 1542 Unused Serialized files (Serialized files now loaded: 0)
System memory in use before: 99.1 MB.
System memory in use after: 98.5 MB.

Unloading 22 unused Assets to reduce memory usage. Loaded Objects now: 2004.
Total: 1.926500 ms (FindLiveObjects: 0.132100 ms CreateObjectMapping: 0.041900 ms MarkObjects: 1.430200 ms  DeleteObjects: 0.321600 ms)

========================================================================
Received Import Request.
  path: ProjectSettings/TagManager.asset
  artifactKey: Guid(00000000000000003000000000000000) Importer(815301076,1909f56bfc062723c751e8b465ee728b)
Start importing ProjectSettings/TagManager.asset using Guid(00000000000000003000000000000000) Importer(815301076,1909f56bfc062723c751e8b465ee728b)  -> (artifact id: 'ce6a35c3cddc746e7501c0bd0ed6d4ce') in 0.035917 seconds
  Import took 0.038192 seconds .

========================================================================
Received Prepare
Registering precompiled user dll's ...
Registered in 0.002932 seconds.
Begin MonoManager ReloadAssembly
Native extension for WindowsStandalone target not found
Native extension for WebGL target not found
Refreshing native plugins compatible for Editor in 0.65 ms, found 2 plugins.
Preloading 0 native plugins for Editor in 0.00 ms.
Mono: successfully reloaded assembly
- Completed reload, in  0.952 seconds
Platform modules already initialized, skipping
Refreshing native plugins compatible for Editor in 0.46 ms, found 2 plugins.
Preloading 0 native plugins for Editor in 0.00 ms.
Unloading 1508 Unused Serialized files (Serialized files now loaded: 0)
System memory in use before: 96.2 MB.
System memory in use after: 95.6 MB.

Unloading 18 unused Assets to reduce memory usage. Loaded Objects now: 2007.
Total: 1.988800 ms (FindLiveObjects: 0.133200 ms CreateObjectMapping: 0.041500 ms MarkObjects: 1.492300 ms  DeleteObjects: 0.321100 ms)

========================================================================
Received Prepare
Registering precompiled user dll's ...
Registered in 0.002628 seconds.
Begin MonoManager ReloadAssembly
Native extension for WindowsStandalone target not found
Native extension for WebGL target not found
Refreshing native plugins compatible for Editor in 0.45 ms, found 2 plugins.
Preloading 0 native plugins for Editor in 0.00 ms.
Mono: successfully reloaded assembly
- Completed reload, in  0.876 seconds
Platform modules already initialized, skipping
Refreshing native plugins compatible for Editor in 0.46 ms, found 2 plugins.
Preloading 0 native plugins for Editor in 0.00 ms.
Unloading 1508 Unused Serialized files (Serialized files now loaded: 0)
System memory in use before: 96.2 MB.
System memory in use after: 95.6 MB.

Unloading 17 unused Assets to reduce memory usage. Loaded Objects now: 2010.
Total: 2.338900 ms (FindLiveObjects: 0.154700 ms CreateObjectMapping: 0.053200 ms MarkObjects: 1.769100 ms  DeleteObjects: 0.360800 ms)

========================================================================
Received Prepare
Registering precompiled user dll's ...
Registered in 0.002640 seconds.
Begin MonoManager ReloadAssembly
Native extension for WindowsStandalone target not found
Native extension for WebGL target not found
Refreshing native plugins compatible for Editor in 0.46 ms, found 2 plugins.
Preloading 0 native plugins for Editor in 0.00 ms.
Mono: successfully reloaded assembly
- Completed reload, in  0.878 seconds
Platform modules already initialized, skipping
Refreshing native plugins compatible for Editor in 0.43 ms, found 2 plugins.
Preloading 0 native plugins for Editor in 0.00 ms.
Unloading 1508 Unused Serialized files (Serialized files now loaded: 0)
System memory in use before: 96.2 MB.
System memory in use after: 95.6 MB.

Unloading 17 unused Assets to reduce memory usage. Loaded Objects now: 2013.
Total: 2.068900 ms (FindLiveObjects: 0.118100 ms CreateObjectMapping: 0.036400 ms MarkObjects: 1.579000 ms  DeleteObjects: 0.334500 ms)

========================================================================
Received Prepare
Registering precompiled user dll's ...
Registered in 0.002644 seconds.
Begin MonoManager ReloadAssembly
Native extension for WindowsStandalone target not found
Native extension for WebGL target not found
Refreshing native plugins compatible for Editor in 0.43 ms, found 2 plugins.
Preloading 0 native plugins for Editor in 0.00 ms.
Mono: successfully reloaded assembly
- Completed reload, in  0.797 seconds
Platform modules already initialized, skipping
Refreshing native plugins compatible for Editor in 0.43 ms, found 2 plugins.
Preloading 0 native plugins for Editor in 0.00 ms.
Unloading 1508 Unused Serialized files (Serialized files now loaded: 0)
System memory in use before: 96.2 MB.
System memory in use after: 95.7 MB.

Unloading 17 unused Assets to reduce memory usage. Loaded Objects now: 2016.
Total: 2.484800 ms (FindLiveObjects: 0.156000 ms CreateObjectMapping: 0.041000 ms MarkObjects: 1.912500 ms  DeleteObjects: 0.374400 ms)

========================================================================
Received Prepare
Registering precompiled user dll's ...
Registered in 0.002584 seconds.
Begin MonoManager ReloadAssembly
Native extension for WindowsStandalone target not found
Native extension for WebGL target not found
Refreshing native plugins compatible for Editor in 0.44 ms, found 2 plugins.
Preloading 0 native plugins for Editor in 0.00 ms.
Mono: successfully reloaded assembly
- Completed reload, in  0.883 seconds
Platform modules already initialized, skipping
Refreshing native plugins compatible for Editor in 0.63 ms, found 2 plugins.
Preloading 0 native plugins for Editor in 0.00 ms.
Unloading 1508 Unused Serialized files (Serialized files now loaded: 0)
System memory in use before: 96.2 MB.
System memory in use after: 95.7 MB.

Unloading 17 unused Assets to reduce memory usage. Loaded Objects now: 2019.
Total: 2.157400 ms (FindLiveObjects: 0.136600 ms CreateObjectMapping: 0.042600 ms MarkObjects: 1.609100 ms  DeleteObjects: 0.367900 ms)

========================================================================
Received Import Request.
  Time since last request: 333.863793 seconds.
  path: Assets/KYG_Project/Prefabs/HolyWater 1.prefab
  artifactKey: Guid(1fe309c83978bf64884371231e34bc4d) Importer(815301076,1909f56bfc062723c751e8b465ee728b)
Start importing Assets/KYG_Project/Prefabs/HolyWater 1.prefab using Guid(1fe309c83978bf64884371231e34bc4d) Importer(815301076,1909f56bfc062723c751e8b465ee728b)  -> (artifact id: '81481754fe8b5febaab1c281340fcc12') in 0.150601 seconds
  Import took 0.153072 seconds .

========================================================================
Received Import Request.
  Time since last request: 5.507932 seconds.
  path: Assets/KYG_Project/Prefabs/HolyWater.prefab
  artifactKey: Guid(1fe309c83978bf64884371231e34bc4d) Importer(815301076,1909f56bfc062723c751e8b465ee728b)
Start importing Assets/KYG_Project/Prefabs/HolyWater.prefab using Guid(1fe309c83978bf64884371231e34bc4d) Importer(815301076,1909f56bfc062723c751e8b465ee728b)  -> (artifact id: '1a078078027717acdc502bff618f2dd4') in 0.013230 seconds
  Import took 0.015687 seconds .

========================================================================
Received Prepare
Registering precompiled user dll's ...
Registered in 0.003752 seconds.
Begin MonoManager ReloadAssembly
Native extension for WindowsStandalone target not found
Native extension for WebGL target not found
Refreshing native plugins compatible for Editor in 0.43 ms, found 2 plugins.
Preloading 0 native plugins for Editor in 0.00 ms.
Mono: successfully reloaded assembly
- Completed reload, in  0.838 seconds
Platform modules already initialized, skipping
Refreshing native plugins compatible for Editor in 0.44 ms, found 2 plugins.
Preloading 0 native plugins for Editor in 0.00 ms.
Unloading 1508 Unused Serialized files (Serialized files now loaded: 0)
System memory in use before: 99.4 MB.
System memory in use after: 98.8 MB.

Unloading 17 unused Assets to reduce memory usage. Loaded Objects now: 2030.
Total: 2.052400 ms (FindLiveObjects: 0.137400 ms CreateObjectMapping: 0.043800 ms MarkObjects: 1.522400 ms  DeleteObjects: 0.348000 ms)

========================================================================
Received Prepare
Registering precompiled user dll's ...
Registered in 0.002776 seconds.
Begin MonoManager ReloadAssembly
Native extension for WindowsStandalone target not found
Native extension for WebGL target not found
Refreshing native plugins compatible for Editor in 0.43 ms, found 2 plugins.
Preloading 0 native plugins for Editor in 0.00 ms.
Mono: successfully reloaded assembly
- Completed reload, in  0.843 seconds
Platform modules already initialized, skipping
Refreshing native plugins compatible for Editor in 0.45 ms, found 2 plugins.
Preloading 0 native plugins for Editor in 0.00 ms.
Unloading 1508 Unused Serialized files (Serialized files now loaded: 0)
System memory in use before: 99.4 MB.
System memory in use after: 98.8 MB.

Unloading 17 unused Assets to reduce memory usage. Loaded Objects now: 2033.
Total: 3.838200 ms (FindLiveObjects: 0.164000 ms CreateObjectMapping: 0.040900 ms MarkObjects: 3.269200 ms  DeleteObjects: 0.362800 ms)

========================================================================
Received Import Request.
  Time since last request: 158.068919 seconds.
  path: Assets/KYG_Project/Scripts/kyg_CameraRotate.cs
  artifactKey: Guid(668907edb677783469f9aa92753c6716) Importer(815301076,1909f56bfc062723c751e8b465ee728b)
Start importing Assets/KYG_Project/Scripts/kyg_CameraRotate.cs using Guid(668907edb677783469f9aa92753c6716) Importer(815301076,1909f56bfc062723c751e8b465ee728b)  -> (artifact id: 'c2e72e2c666d2d2f53c9cb6f08a21eb1') in 0.010196 seconds
  Import took 0.012581 seconds .

========================================================================
Received Prepare
Registering precompiled user dll's ...
Registered in 0.004104 seconds.
Begin MonoManager ReloadAssembly
Native extension for WindowsStandalone target not found
Native extension for WebGL target not found
Refreshing native plugins compatible for Editor in 0.45 ms, found 2 plugins.
Preloading 0 native plugins for Editor in 0.00 ms.
Mono: successfully reloaded assembly
- Completed reload, in  0.864 seconds
Platform modules already initialized, skipping
Refreshing native plugins compatible for Editor in 0.43 ms, found 2 plugins.
Preloading 0 native plugins for Editor in 0.00 ms.
Unloading 1508 Unused Serialized files (Serialized files now loaded: 0)
System memory in use before: 99.4 MB.
System memory in use after: 98.8 MB.

Unloading 17 unused Assets to reduce memory usage. Loaded Objects now: 2036.
Total: 2.178400 ms (FindLiveObjects: 0.132400 ms CreateObjectMapping: 0.040800 ms MarkObjects: 1.643400 ms  DeleteObjects: 0.361100 ms)

========================================================================
Received Prepare
Registering precompiled user dll's ...
Registered in 0.002762 seconds.
Begin MonoManager ReloadAssembly
Native extension for WindowsStandalone target not found
Native extension for WebGL target not found
Refreshing native plugins compatible for Editor in 0.61 ms, found 2 plugins.
Preloading 0 native plugins for Editor in 0.00 ms.
Mono: successfully reloaded assembly
- Completed reload, in  0.839 seconds
Platform modules already initialized, skipping
Refreshing native plugins compatible for Editor in 0.50 ms, found 2 plugins.
Preloading 0 native plugins for Editor in 0.00 ms.
Unloading 1508 Unused Serialized files (Serialized files now loaded: 0)
System memory in use before: 99.4 MB.
System memory in use after: 98.8 MB.

Unloading 17 unused Assets to reduce memory usage. Loaded Objects now: 2039.
Total: 2.330700 ms (FindLiveObjects: 0.143700 ms CreateObjectMapping: 0.038200 ms MarkObjects: 1.781200 ms  DeleteObjects: 0.366900 ms)

========================================================================
Received Prepare
Registering precompiled user dll's ...
Registered in 0.002648 seconds.
Begin MonoManager ReloadAssembly
Native extension for WindowsStandalone target not found
Native extension for WebGL target not found
Refreshing native plugins compatible for Editor in 0.46 ms, found 2 plugins.
Preloading 0 native plugins for Editor in 0.00 ms.
Mono: successfully reloaded assembly
- Completed reload, in  0.863 seconds
Platform modules already initialized, skipping
Refreshing native plugins compatible for Editor in 0.44 ms, found 2 plugins.
Preloading 0 native plugins for Editor in 0.00 ms.
Unloading 1508 Unused Serialized files (Serialized files now loaded: 0)
System memory in use before: 99.4 MB.
System memory in use after: 98.8 MB.

Unloading 17 unused Assets to reduce memory usage. Loaded Objects now: 2042.
Total: 2.215900 ms (FindLiveObjects: 0.140400 ms CreateObjectMapping: 0.046700 ms MarkObjects: 1.663600 ms  DeleteObjects: 0.364400 ms)

========================================================================
Received Prepare
Registering precompiled user dll's ...
Registered in 0.002575 seconds.
Begin MonoManager ReloadAssembly
Native extension for WindowsStandalone target not found
Native extension for WebGL target not found
Refreshing native plugins compatible for Editor in 0.44 ms, found 2 plugins.
Preloading 0 native plugins for Editor in 0.00 ms.
Mono: successfully reloaded assembly
- Completed reload, in  0.836 seconds
Platform modules already initialized, skipping
Refreshing native plugins compatible for Editor in 0.48 ms, found 2 plugins.
Preloading 0 native plugins for Editor in 0.00 ms.
Unloading 1508 Unused Serialized files (Serialized files now loaded: 0)
System memory in use before: 99.4 MB.
System memory in use after: 98.8 MB.

Unloading 17 unused Assets to reduce memory usage. Loaded Objects now: 2045.
Total: 2.190000 ms (FindLiveObjects: 0.136600 ms CreateObjectMapping: 0.040700 ms MarkObjects: 1.648700 ms  DeleteObjects: 0.363100 ms)

========================================================================
Received Prepare
Registering precompiled user dll's ...
Registered in 0.002604 seconds.
Begin MonoManager ReloadAssembly
Native extension for WindowsStandalone target not found
Native extension for WebGL target not found
Refreshing native plugins compatible for Editor in 0.44 ms, found 2 plugins.
Preloading 0 native plugins for Editor in 0.00 ms.
Mono: successfully reloaded assembly
- Completed reload, in  0.873 seconds
Platform modules already initialized, skipping
Refreshing native plugins compatible for Editor in 0.44 ms, found 2 plugins.
Preloading 0 native plugins for Editor in 0.00 ms.
Unloading 1508 Unused Serialized files (Serialized files now loaded: 0)
System memory in use before: 99.4 MB.
System memory in use after: 98.8 MB.

Unloading 17 unused Assets to reduce memory usage. Loaded Objects now: 2048.
Total: 2.407600 ms (FindLiveObjects: 0.131200 ms CreateObjectMapping: 0.044800 ms MarkObjects: 1.812500 ms  DeleteObjects: 0.418300 ms)

========================================================================
Received Import Request.
  Time since last request: 347.570939 seconds.
  path: Assets/CMS_Project/Scripts/GameOverUI.cs
  artifactKey: Guid(c220f828bd5baa94ca7c12b56f40fe36) Importer(815301076,1909f56bfc062723c751e8b465ee728b)
Start importing Assets/CMS_Project/Scripts/GameOverUI.cs using Guid(c220f828bd5baa94ca7c12b56f40fe36) Importer(815301076,1909f56bfc062723c751e8b465ee728b)  -> (artifact id: 'f89d182707267c09e2b1eba5d13efd97') in 0.289208 seconds
  Import took 0.292102 seconds .

========================================================================
Received Import Request.
  Time since last request: 4659.981675 seconds.
  path: Assets/CMS_Project/Scripts/GameOverUI.cs
  artifactKey: Guid(c220f828bd5baa94ca7c12b56f40fe36) Importer(815301076,1909f56bfc062723c751e8b465ee728b)
Start importing Assets/CMS_Project/Scripts/GameOverUI.cs using Guid(c220f828bd5baa94ca7c12b56f40fe36) Importer(815301076,1909f56bfc062723c751e8b465ee728b)  -> (artifact id: '5c70f468e7c435fc876b15c193a67f4a') in 0.001503 seconds
  Import took 0.004597 seconds .

========================================================================
Received Prepare
Registering precompiled user dll's ...
Registered in 0.002655 seconds.
Begin MonoManager ReloadAssembly
Native extension for WindowsStandalone target not found
Native extension for WebGL target not found
Refreshing native plugins compatible for Editor in 0.44 ms, found 2 plugins.
Preloading 0 native plugins for Editor in 0.00 ms.
Mono: successfully reloaded assembly
- Completed reload, in  0.847 seconds
Platform modules already initialized, skipping
Refreshing native plugins compatible for Editor in 0.44 ms, found 2 plugins.
Preloading 0 native plugins for Editor in 0.00 ms.
Unloading 1508 Unused Serialized files (Serialized files now loaded: 0)
System memory in use before: 99.4 MB.
System memory in use after: 98.8 MB.

Unloading 17 unused Assets to reduce memory usage. Loaded Objects now: 2051.
Total: 2.251900 ms (FindLiveObjects: 0.156900 ms CreateObjectMapping: 0.039400 ms MarkObjects: 1.679800 ms  DeleteObjects: 0.375000 ms)

========================================================================
Received Prepare
Registering precompiled user dll's ...
Registered in 0.002582 seconds.
Begin MonoManager ReloadAssembly
Native extension for WindowsStandalone target not found
Native extension for WebGL target not found
Refreshing native plugins compatible for Editor in 0.45 ms, found 2 plugins.
Preloading 0 native plugins for Editor in 0.00 ms.
Mono: successfully reloaded assembly
- Completed reload, in  0.817 seconds
Platform modules already initialized, skipping
Refreshing native plugins compatible for Editor in 0.50 ms, found 2 plugins.
Preloading 0 native plugins for Editor in 0.00 ms.
Unloading 1508 Unused Serialized files (Serialized files now loaded: 0)
System memory in use before: 99.4 MB.
System memory in use after: 98.8 MB.

Unloading 17 unused Assets to reduce memory usage. Loaded Objects now: 2054.
Total: 2.197900 ms (FindLiveObjects: 0.139400 ms CreateObjectMapping: 0.043100 ms MarkObjects: 1.648700 ms  DeleteObjects: 0.365700 ms)

========================================================================
Received Prepare
Registering precompiled user dll's ...
Registered in 0.002667 seconds.
Begin MonoManager ReloadAssembly
Native extension for WindowsStandalone target not found
Native extension for WebGL target not found
Refreshing native plugins compatible for Editor in 0.44 ms, found 2 plugins.
Preloading 0 native plugins for Editor in 0.00 ms.
Mono: successfully reloaded assembly
- Completed reload, in  0.815 seconds
Platform modules already initialized, skipping
Refreshing native plugins compatible for Editor in 0.44 ms, found 2 plugins.
Preloading 0 native plugins for Editor in 0.00 ms.
Unloading 1508 Unused Serialized files (Serialized files now loaded: 0)
System memory in use before: 99.4 MB.
System memory in use after: 98.8 MB.

Unloading 17 unused Assets to reduce memory usage. Loaded Objects now: 2057.
Total: 2.227300 ms (FindLiveObjects: 0.137500 ms CreateObjectMapping: 0.044300 ms MarkObjects: 1.673400 ms  DeleteObjects: 0.371200 ms)

========================================================================
Received Prepare
Registering precompiled user dll's ...
Registered in 0.002577 seconds.
Begin MonoManager ReloadAssembly
Native extension for WindowsStandalone target not found
Native extension for WebGL target not found
Refreshing native plugins compatible for Editor in 0.44 ms, found 2 plugins.
Preloading 0 native plugins for Editor in 0.00 ms.
Mono: successfully reloaded assembly
- Completed reload, in  0.858 seconds
Platform modules already initialized, skipping
Refreshing native plugins compatible for Editor in 0.46 ms, found 2 plugins.
Preloading 0 native plugins for Editor in 0.00 ms.
Unloading 1508 Unused Serialized files (Serialized files now loaded: 0)
System memory in use before: 99.4 MB.
System memory in use after: 98.9 MB.

Unloading 17 unused Assets to reduce memory usage. Loaded Objects now: 2060.
Total: 2.375200 ms (FindLiveObjects: 0.154500 ms CreateObjectMapping: 0.039200 ms MarkObjects: 1.804900 ms  DeleteObjects: 0.375900 ms)

========================================================================
Received Prepare
Registering precompiled user dll's ...
Registered in 0.002664 seconds.
Begin MonoManager ReloadAssembly
Native extension for WindowsStandalone target not found
Native extension for WebGL target not found
Refreshing native plugins compatible for Editor in 0.44 ms, found 2 plugins.
Preloading 0 native plugins for Editor in 0.00 ms.
Mono: successfully reloaded assembly
- Completed reload, in  0.856 seconds
Platform modules already initialized, skipping
Refreshing native plugins compatible for Editor in 0.44 ms, found 2 plugins.
Preloading 0 native plugins for Editor in 0.00 ms.
Unloading 1508 Unused Serialized files (Serialized files now loaded: 0)
System memory in use before: 99.4 MB.
System memory in use after: 98.9 MB.

Unloading 17 unused Assets to reduce memory usage. Loaded Objects now: 2063.
Total: 2.022000 ms (FindLiveObjects: 0.137600 ms CreateObjectMapping: 0.044700 ms MarkObjects: 1.476000 ms  DeleteObjects: 0.363000 ms)

========================================================================
Received Prepare
Registering precompiled user dll's ...
Registered in 0.002729 seconds.
Begin MonoManager ReloadAssembly
Native extension for WindowsStandalone target not found
Native extension for WebGL target not found
Refreshing native plugins compatible for Editor in 0.44 ms, found 2 plugins.
Preloading 0 native plugins for Editor in 0.00 ms.
Mono: successfully reloaded assembly
- Completed reload, in  0.818 seconds
Platform modules already initialized, skipping
Refreshing native plugins compatible for Editor in 0.43 ms, found 2 plugins.
Preloading 0 native plugins for Editor in 0.00 ms.
Unloading 1508 Unused Serialized files (Serialized files now loaded: 0)
System memory in use before: 99.4 MB.
System memory in use after: 98.9 MB.

Unloading 17 unused Assets to reduce memory usage. Loaded Objects now: 2066.
Total: 2.152300 ms (FindLiveObjects: 0.125200 ms CreateObjectMapping: 0.039200 ms MarkObjects: 1.628900 ms  DeleteObjects: 0.358400 ms)

========================================================================
Received Prepare
Registering precompiled user dll's ...
Registered in 0.002661 seconds.
Begin MonoManager ReloadAssembly
Native extension for WindowsStandalone target not found
Native extension for WebGL target not found
Refreshing native plugins compatible for Editor in 0.43 ms, found 2 plugins.
Preloading 0 native plugins for Editor in 0.00 ms.
Mono: successfully reloaded assembly
- Completed reload, in  0.820 seconds
Platform modules already initialized, skipping
Refreshing native plugins compatible for Editor in 0.43 ms, found 2 plugins.
Preloading 0 native plugins for Editor in 0.00 ms.
Unloading 1508 Unused Serialized files (Serialized files now loaded: 0)
System memory in use before: 99.4 MB.
System memory in use after: 98.9 MB.

Unloading 17 unused Assets to reduce memory usage. Loaded Objects now: 2069.
Total: 3.361000 ms (FindLiveObjects: 0.141300 ms CreateObjectMapping: 0.043100 ms MarkObjects: 2.402600 ms  DeleteObjects: 0.773200 ms)

========================================================================
Received Prepare
Registering precompiled user dll's ...
Registered in 0.003489 seconds.
Begin MonoManager ReloadAssembly
Native extension for WindowsStandalone target not found
Native extension for WebGL target not found
Refreshing native plugins compatible for Editor in 0.45 ms, found 2 plugins.
Preloading 0 native plugins for Editor in 0.00 ms.
Mono: successfully reloaded assembly
- Completed reload, in  0.857 seconds
Platform modules already initialized, skipping
Refreshing native plugins compatible for Editor in 0.44 ms, found 2 plugins.
Preloading 0 native plugins for Editor in 0.00 ms.
Unloading 1508 Unused Serialized files (Serialized files now loaded: 0)
System memory in use before: 99.4 MB.
System memory in use after: 98.9 MB.

Unloading 17 unused Assets to reduce memory usage. Loaded Objects now: 2072.
Total: 2.152900 ms (FindLiveObjects: 0.147100 ms CreateObjectMapping: 0.040200 ms MarkObjects: 1.585400 ms  DeleteObjects: 0.379400 ms)

========================================================================
Received Prepare
Registering precompiled user dll's ...
Registered in 0.002476 seconds.
Begin MonoManager ReloadAssembly
Native extension for WindowsStandalone target not found
Native extension for WebGL target not found
Refreshing native plugins compatible for Editor in 0.54 ms, found 2 plugins.
Preloading 0 native plugins for Editor in 0.00 ms.
Mono: successfully reloaded assembly
- Completed reload, in  0.835 seconds
Platform modules already initialized, skipping
Refreshing native plugins compatible for Editor in 0.44 ms, found 2 plugins.
Preloading 0 native plugins for Editor in 0.00 ms.
Unloading 1508 Unused Serialized files (Serialized files now loaded: 0)
System memory in use before: 99.5 MB.
System memory in use after: 98.9 MB.

Unloading 17 unused Assets to reduce memory usage. Loaded Objects now: 2075.
Total: 2.033700 ms (FindLiveObjects: 0.135200 ms CreateObjectMapping: 0.041100 ms MarkObjects: 1.496100 ms  DeleteObjects: 0.360600 ms)

========================================================================
Received Prepare
Registering precompiled user dll's ...
Registered in 0.002609 seconds.
Begin MonoManager ReloadAssembly
Native extension for WindowsStandalone target not found
Native extension for WebGL target not found
Refreshing native plugins compatible for Editor in 0.45 ms, found 2 plugins.
Preloading 0 native plugins for Editor in 0.00 ms.
Mono: successfully reloaded assembly
- Completed reload, in  0.903 seconds
Platform modules already initialized, skipping
Refreshing native plugins compatible for Editor in 0.44 ms, found 2 plugins.
Preloading 0 native plugins for Editor in 0.00 ms.
Unloading 1512 Unused Serialized files (Serialized files now loaded: 0)
System memory in use before: 99.6 MB.
System memory in use after: 99.0 MB.

Unloading 17 unused Assets to reduce memory usage. Loaded Objects now: 2082.
Total: 1.992400 ms (FindLiveObjects: 0.132500 ms CreateObjectMapping: 0.042600 ms MarkObjects: 1.463600 ms  DeleteObjects: 0.353000 ms)

========================================================================
Received Prepare
Registering precompiled user dll's ...
Registered in 0.002449 seconds.
Begin MonoManager ReloadAssembly
Native extension for WindowsStandalone target not found
Native extension for WebGL target not found
Refreshing native plugins compatible for Editor in 0.44 ms, found 2 plugins.
Preloading 0 native plugins for Editor in 0.00 ms.
Mono: successfully reloaded assembly
- Completed reload, in  0.840 seconds
Platform modules already initialized, skipping
Refreshing native plugins compatible for Editor in 0.44 ms, found 2 plugins.
Preloading 0 native plugins for Editor in 0.00 ms.
Unloading 1512 Unused Serialized files (Serialized files now loaded: 0)
System memory in use before: 99.6 MB.
System memory in use after: 99.0 MB.

Unloading 17 unused Assets to reduce memory usage. Loaded Objects now: 2085.
Total: 2.459500 ms (FindLiveObjects: 0.170700 ms CreateObjectMapping: 0.046600 ms MarkObjects: 1.857800 ms  DeleteObjects: 0.383600 ms)

========================================================================
Received Import Request.
  Time since last request: 1264.940019 seconds.
  path: Assets/AddAssets/Q Vignette/Prefabs
  artifactKey: Guid(d56583552f4e2fd4381e6de2d108dbc0) Importer(815301076,1909f56bfc062723c751e8b465ee728b)
Start importing Assets/AddAssets/Q Vignette/Prefabs using Guid(d56583552f4e2fd4381e6de2d108dbc0) Importer(815301076,1909f56bfc062723c751e8b465ee728b)  -> (artifact id: '840196000f5e569060bbc94730651104') in 0.007099 seconds
  Import took 0.009499 seconds .

========================================================================
Received Import Request.
  Time since last request: 0.000274 seconds.
  path: Assets/AddAssets/Q Vignette/Scripts
  artifactKey: Guid(0c844b750d64c1640b99aea6c5b9651e) Importer(815301076,1909f56bfc062723c751e8b465ee728b)
Start importing Assets/AddAssets/Q Vignette/Scripts using Guid(0c844b750d64c1640b99aea6c5b9651e) Importer(815301076,1909f56bfc062723c751e8b465ee728b)  -> (artifact id: '6a0537346f921016b21a378487dd0b35') in 0.005353 seconds
  Import took 0.007511 seconds .

========================================================================
Received Import Request.
  Time since last request: 0.433918 seconds.
  path: Assets/AddAssets/Q Vignette/Demos
  artifactKey: Guid(b5dc54f31bc128e478ce0a58e0ba4ba7) Importer(815301076,1909f56bfc062723c751e8b465ee728b)
Start importing Assets/AddAssets/Q Vignette/Demos using Guid(b5dc54f31bc128e478ce0a58e0ba4ba7) Importer(815301076,1909f56bfc062723c751e8b465ee728b)  -> (artifact id: 'a14c822eb01272983364234bf981bef3') in 0.006688 seconds
  Import took 0.051624 seconds .

========================================================================
Received Import Request.
  Time since last request: 1.482199 seconds.
  path: Assets/AddAssets/Q Vignette/Demos/Simply.unity
  artifactKey: Guid(8b73822770bfcb440bac2d1fb6c38109) Importer(815301076,1909f56bfc062723c751e8b465ee728b)
Start importing Assets/AddAssets/Q Vignette/Demos/Simply.unity using Guid(8b73822770bfcb440bac2d1fb6c38109) Importer(815301076,1909f56bfc062723c751e8b465ee728b)  -> (artifact id: '67c89775cbf9d86318e702c02fd1c807') in 0.319270 seconds
  Import took 0.360142 seconds .

========================================================================
Received Import Request.
  Time since last request: 36.873467 seconds.
  path: Assets/AddAssets/Q Vignette/Demos/Demo_Animated_Split.unity
  artifactKey: Guid(2741dbd27aa68034da9f0a62471531cb) Importer(815301076,1909f56bfc062723c751e8b465ee728b)
Start importing Assets/AddAssets/Q Vignette/Demos/Demo_Animated_Split.unity using Guid(2741dbd27aa68034da9f0a62471531cb) Importer(815301076,1909f56bfc062723c751e8b465ee728b)  -> (artifact id: 'ca1081ae67a8609fb1d931b201b9574e') in 0.007407 seconds
  Import took 0.050827 seconds .

========================================================================
Received Import Request.
  Time since last request: 0.708304 seconds.
  path: Assets/AddAssets/Q Vignette/Demos/Demo_Animated_Single.unity
  artifactKey: Guid(e8a78da3a4c1445498364dffd1522945) Importer(815301076,1909f56bfc062723c751e8b465ee728b)
Start importing Assets/AddAssets/Q Vignette/Demos/Demo_Animated_Single.unity using Guid(e8a78da3a4c1445498364dffd1522945) Importer(815301076,1909f56bfc062723c751e8b465ee728b)  -> (artifact id: '0ca6cb51c66ddd3ec11d2267d3b89d2d') in 0.006867 seconds
  Import took 0.033469 seconds .

========================================================================
Received Import Request.
  Time since last request: 30.479788 seconds.
  path: Assets/AddAssets/Q Vignette/Demos/DemoStuff/DemoAnimation/Q_Vignette_Single.controller
  artifactKey: Guid(6d5e5a6af2019b447a653f4265e12f87) Importer(815301076,1909f56bfc062723c751e8b465ee728b)
Start importing Assets/AddAssets/Q Vignette/Demos/DemoStuff/DemoAnimation/Q_Vignette_Single.controller using Guid(6d5e5a6af2019b447a653f4265e12f87) Importer(815301076,1909f56bfc062723c751e8b465ee728b)  -> (artifact id: '59fdeb7fce23e939d1c0fe96fdc140da') in 0.009285 seconds
  Import took 0.285972 seconds .

========================================================================
Received Import Request.
  Time since last request: 1.734329 seconds.
  path: Assets/AddAssets/Q Vignette/Demos/DemoStuff/DemoAnimation/AnimExample.anim
  artifactKey: Guid(3445dd610cf8dd949a9a66ea3187f0d4) Importer(815301076,1909f56bfc062723c751e8b465ee728b)
Start importing Assets/AddAssets/Q Vignette/Demos/DemoStuff/DemoAnimation/AnimExample.anim using Guid(3445dd610cf8dd949a9a66ea3187f0d4) Importer(815301076,1909f56bfc062723c751e8b465ee728b)  -> (artifact id: 'e930c344a6acdad0a4a93e6ffd1c455f') in 0.007983 seconds
  Import took 0.068037 seconds .

========================================================================
Received Import Request.
  Time since last request: 24.485939 seconds.
  path: Assets/CMS_Project/Scene/PlayMap.unity
  artifactKey: Guid(6627d6ed72994504e87f23e11f142483) Importer(815301076,1909f56bfc062723c751e8b465ee728b)
Start importing Assets/CMS_Project/Scene/PlayMap.unity using Guid(6627d6ed72994504e87f23e11f142483) Importer(815301076,1909f56bfc062723c751e8b465ee728b)  -> (artifact id: '426e822ebfb1004e5e506eca077d61a9') in 0.007590 seconds
  Import took 0.010453 seconds .

========================================================================
Received Prepare
Registering precompiled user dll's ...
Registered in 0.002545 seconds.
Begin MonoManager ReloadAssembly
Native extension for WindowsStandalone target not found
Native extension for WebGL target not found
Refreshing native plugins compatible for Editor in 0.46 ms, found 2 plugins.
Preloading 0 native plugins for Editor in 0.00 ms.
Mono: successfully reloaded assembly
- Completed reload, in  0.868 seconds
Platform modules already initialized, skipping
Refreshing native plugins compatible for Editor in 0.47 ms, found 2 plugins.
Preloading 0 native plugins for Editor in 0.00 ms.
Unloading 1512 Unused Serialized files (Serialized files now loaded: 0)
System memory in use before: 99.6 MB.
System memory in use after: 99.0 MB.

Unloading 17 unused Assets to reduce memory usage. Loaded Objects now: 2088.
Total: 2.408500 ms (FindLiveObjects: 0.170900 ms CreateObjectMapping: 0.043600 ms MarkObjects: 1.819400 ms  DeleteObjects: 0.373700 ms)

========================================================================
Received Prepare
Registering precompiled user dll's ...
Registered in 0.002659 seconds.
Begin MonoManager ReloadAssembly
Native extension for WindowsStandalone target not found
Native extension for WebGL target not found
Refreshing native plugins compatible for Editor in 0.44 ms, found 2 plugins.
Preloading 0 native plugins for Editor in 0.00 ms.
Mono: successfully reloaded assembly
- Completed reload, in  0.823 seconds
Platform modules already initialized, skipping
Refreshing native plugins compatible for Editor in 0.46 ms, found 2 plugins.
Preloading 0 native plugins for Editor in 0.00 ms.
Unloading 1512 Unused Serialized files (Serialized files now loaded: 0)
System memory in use before: 99.6 MB.
System memory in use after: 99.0 MB.

Unloading 17 unused Assets to reduce memory usage. Loaded Objects now: 2091.
Total: 2.308600 ms (FindLiveObjects: 0.151400 ms CreateObjectMapping: 0.040100 ms MarkObjects: 1.752400 ms  DeleteObjects: 0.364000 ms)

========================================================================
Received Import Request.
  Time since last request: 291.885903 seconds.
  path: Assets/AddAssets/Q Vignette/Scripts/Q_Vignette_Single.cs
  artifactKey: Guid(a768d47a92a298944b9a3009acca6ade) Importer(815301076,1909f56bfc062723c751e8b465ee728b)
Start importing Assets/AddAssets/Q Vignette/Scripts/Q_Vignette_Single.cs using Guid(a768d47a92a298944b9a3009acca6ade) Importer(815301076,1909f56bfc062723c751e8b465ee728b)  -> (artifact id: '687a34f66c143c799a7fd4e8afa8651f') in 0.003496 seconds
  Import took 0.013357 seconds .

========================================================================
Received Import Request.
  Time since last request: 7.509261 seconds.
  path: Assets/AddAssets/Q Vignette/Scripts/Q_Vignette_Split.cs
  artifactKey: Guid(4880c9be4e2ab6f4699ed66b6fe19a2e) Importer(815301076,1909f56bfc062723c751e8b465ee728b)
Start importing Assets/AddAssets/Q Vignette/Scripts/Q_Vignette_Split.cs using Guid(4880c9be4e2ab6f4699ed66b6fe19a2e) Importer(815301076,1909f56bfc062723c751e8b465ee728b)  -> (artifact id: '795bf81fdbca2d141ff9ec5ba6d4f576') in 0.006846 seconds
  Import took 0.049883 seconds .

========================================================================
Received Prepare
Registering precompiled user dll's ...
Registered in 0.003011 seconds.
Begin MonoManager ReloadAssembly
Native extension for WindowsStandalone target not found
Native extension for WebGL target not found
Refreshing native plugins compatible for Editor in 0.53 ms, found 2 plugins.
Preloading 0 native plugins for Editor in 0.00 ms.
Mono: successfully reloaded assembly
- Completed reload, in  0.911 seconds
Platform modules already initialized, skipping
Refreshing native plugins compatible for Editor in 0.45 ms, found 2 plugins.
Preloading 0 native plugins for Editor in 0.00 ms.
Unloading 1512 Unused Serialized files (Serialized files now loaded: 0)
System memory in use before: 99.6 MB.
System memory in use after: 99.1 MB.

Unloading 17 unused Assets to reduce memory usage. Loaded Objects now: 2094.
Total: 2.673300 ms (FindLiveObjects: 0.172500 ms CreateObjectMapping: 0.056500 ms MarkObjects: 2.035600 ms  DeleteObjects: 0.407100 ms)

========================================================================
Received Prepare
Registering precompiled user dll's ...
Registered in 0.002607 seconds.
Begin MonoManager ReloadAssembly
Native extension for WindowsStandalone target not found
Native extension for WebGL target not found
Refreshing native plugins compatible for Editor in 0.43 ms, found 2 plugins.
Preloading 0 native plugins for Editor in 0.00 ms.
Mono: successfully reloaded assembly
- Completed reload, in  0.819 seconds
Platform modules already initialized, skipping
Refreshing native plugins compatible for Editor in 0.47 ms, found 2 plugins.
Preloading 0 native plugins for Editor in 0.00 ms.
Unloading 1512 Unused Serialized files (Serialized files now loaded: 0)
System memory in use before: 99.6 MB.
System memory in use after: 99.1 MB.

Unloading 17 unused Assets to reduce memory usage. Loaded Objects now: 2097.
Total: 2.369600 ms (FindLiveObjects: 0.162200 ms CreateObjectMapping: 0.040600 ms MarkObjects: 1.795700 ms  DeleteObjects: 0.370400 ms)

========================================================================
Received Prepare
Registering precompiled user dll's ...
Registered in 0.002572 seconds.
Begin MonoManager ReloadAssembly
Native extension for WindowsStandalone target not found
Native extension for WebGL target not found
Refreshing native plugins compatible for Editor in 0.43 ms, found 2 plugins.
Preloading 0 native plugins for Editor in 0.00 ms.
Mono: successfully reloaded assembly
- Completed reload, in  0.854 seconds
Platform modules already initialized, skipping
Refreshing native plugins compatible for Editor in 0.44 ms, found 2 plugins.
Preloading 0 native plugins for Editor in 0.00 ms.
Unloading 1512 Unused Serialized files (Serialized files now loaded: 0)
System memory in use before: 99.6 MB.
System memory in use after: 99.1 MB.

Unloading 17 unused Assets to reduce memory usage. Loaded Objects now: 2100.
Total: 2.036200 ms (FindLiveObjects: 0.139700 ms CreateObjectMapping: 0.045000 ms MarkObjects: 1.492700 ms  DeleteObjects: 0.358000 ms)

AssetImportWorkerClient::OnTransportError - code=2 error=End of file
