Using pre-set license
Built from '2020.3/staging' branch; Version is '2020.3.11f1 (99c7afb366b3) revision 10078127'; Using compiler version '192528614'; Build Type 'Release'
OS: 'Windows 10 Home; OS build 19041.1110; Version 2004; 64bit' Language: 'ko' Physical Memory: 32644 MB
BatchMode: 1, IsHumanControllingUs: 0, StartBugReporterOnCrash: 0, Is64bit: 1, IsPro: 0

 COMMAND LINE ARGUMENTS:
C:\Program Files\Unity\Hub\Editor\2020.3.11f1\Editor\Unity.exe
-adb2
-batchMode
-noUpm
-name
AssetImportWorker1
-projectPath
C:/Users/B-01-02/Documents/GitHub/VR_Project/TheNameofGOD
-logFile
Logs/AssetImportWorker1.log
-srvPort
5445
Successfully changed project path to: C:/Users/B-01-02/Documents/GitHub/VR_Project/TheNameofGOD
C:/Users/B-01-02/Documents/GitHub/VR_Project/TheNameofGOD
Using Asset Import Pipeline V2.
Refreshing native plugins compatible for Editor in 139.88 ms, found 6 plugins.
Preloading 1 native plugins for Editor in 1.19 ms.
Initialize engine version: 2020.3.11f1 (99c7afb366b3)
[Subsystems] Discovering subsystems at path C:/Program Files/Unity/Hub/Editor/2020.3.11f1/Editor/Data/Resources/UnitySubsystems
[Subsystems] Discovering subsystems at path C:/Users/B-01-02/Documents/GitHub/VR_Project/TheNameofGOD/Assets
GfxDevice: creating device client; threaded=0
Direct3D:
    Version:  Direct3D 11.0 [level 11.1]
    Renderer: NVIDIA GeForce GTX 1070 (ID=0x1be1)
    Vendor:   
    VRAM:     8081 MB
    Driver:   27.21.14.5167
Shader 'Oculus/OVRMRCameraFrameLit': fallback shader 'Alpha-Diffuse' not found
Shader 'WFX/Transparent Specular': fallback shader 'Particles/Alpha Blended' not found
Shader 'WFX/Transparent Diffuse': fallback shader 'Particles/Alpha Blended' not found
Initialize mono
Mono path[0] = 'C:/Program Files/Unity/Hub/Editor/2020.3.11f1/Editor/Data/Managed'
Mono path[1] = 'C:/Program Files/Unity/Hub/Editor/2020.3.11f1/Editor/Data/MonoBleedingEdge/lib/mono/unityjit'
Mono config path = 'C:/Program Files/Unity/Hub/Editor/2020.3.11f1/Editor/Data/MonoBleedingEdge/etc'
Using monoOptions --debugger-agent=transport=dt_socket,embedding=1,server=y,suspend=n,address=127.0.0.1:56772
Begin MonoManager ReloadAssembly
Registering precompiled unity dll's ...
Register platform support module: C:/Program Files/Unity/Hub/Editor/2020.3.11f1/Editor/Data/PlaybackEngines/WebGLSupport/UnityEditor.WebGL.Extensions.dll
Register platform support module: C:/Program Files/Unity/Hub/Editor/2020.3.11f1/Editor/Data/PlaybackEngines/WindowsStandaloneSupport/UnityEditor.WindowsStandalone.Extensions.dll
Registered in 0.002047 seconds.
Native extension for WindowsStandalone target not found
Native extension for WebGL target not found
Refreshing native plugins compatible for Editor in 70.62 ms, found 6 plugins.
Preloading 1 native plugins for Editor in 0.06 ms.
Mono: successfully reloaded assembly
- Completed reload, in  2.134 seconds
Platform modules already initialized, skipping
Registering precompiled user dll's ...
Registered in 0.005730 seconds.
Begin MonoManager ReloadAssembly
Native extension for WindowsStandalone target not found
Native extension for WebGL target not found
Refreshing native plugins compatible for Editor in 0.94 ms, found 6 plugins.
Preloading 1 native plugins for Editor in 0.07 ms.
[XR] OculusXRPlugin: registering subsystems
[XR] Unable to register display lifecyle provider: [1]
[XR] Oculus Input lifecycle provider registered.
[XR] Unable to register input lifecyle provider: [1]
[XR] OVRP version 1.61.0
Mono: successfully reloaded assembly
- Completed reload, in  1.056 seconds
Platform modules already initialized, skipping
========================================================================
Worker process is ready to serve import requests
Shader 'Oculus/OVRMRCameraFrameLit': fallback shader 'Alpha-Diffuse' not found
Shader 'WFX/Transparent Specular': fallback shader 'Particles/Alpha Blended' not found
Shader 'WFX/Transparent Diffuse': fallback shader 'Particles/Alpha Blended' not found
Launched and connected shader compiler UnityShaderCompiler.exe after 0.05 seconds
Refreshing native plugins compatible for Editor in 0.84 ms, found 6 plugins.
Preloading 1 native plugins for Editor in 0.06 ms.
Unloading 2352 Unused Serialized files (Serialized files now loaded: 0)
System memory in use before: 218.2 MB.
System memory in use after: 217.7 MB.

Unloading 47 unused Assets to reduce memory usage. Loaded Objects now: 2801.
Total: 3.082900 ms (FindLiveObjects: 0.274900 ms CreateObjectMapping: 0.110500 ms MarkObjects: 2.299300 ms  DeleteObjects: 0.397500 ms)

========================================================================
Received Prepare
Shader 'Oculus/OVRMRCameraFrameLit': fallback shader 'Alpha-Diffuse' not found
Shader 'WFX/Transparent Specular': fallback shader 'Particles/Alpha Blended' not found
Shader 'WFX/Transparent Diffuse': fallback shader 'Particles/Alpha Blended' not found
Refreshing native plugins compatible for Editor in 9.00 ms, found 6 plugins.
Preloading 1 native plugins for Editor in 0.06 ms.
Unloading 37 Unused Serialized files (Serialized files now loaded: 0)
System memory in use before: 163.2 MB.
System memory in use after: 162.8 MB.

Unloading 39 unused Assets to reduce memory usage. Loaded Objects now: 2801.
Total: 2.584800 ms (FindLiveObjects: 0.244900 ms CreateObjectMapping: 0.101300 ms MarkObjects: 1.881900 ms  DeleteObjects: 0.355900 ms)

========================================================================
Received Import Request.
  path: Assets/CMS_Project/Prefabs/chrono-crusade-remingtons-sword-free/pp.asset
  artifactKey: Guid(5e039792dfe43114988711f593c648a1) Importer(815301076,1909f56bfc062723c751e8b465ee728b)
Start importing Assets/CMS_Project/Prefabs/chrono-crusade-remingtons-sword-free/pp.asset using Guid(5e039792dfe43114988711f593c648a1) Importer(815301076,1909f56bfc062723c751e8b465ee728b)  -> (artifact id: 'd4b701cdb194f6bd192676efb64deac6') in 0.064073 seconds
  Import took 0.067557 seconds .

========================================================================
Received Import Request.
  Time since last request: 126.073036 seconds.
  path: Assets/CMS_Project/Prefabs/chrono-crusade-remingtons-sword-free/Materials
  artifactKey: Guid(31b6dbeb570787442af422010b028ea2) Importer(815301076,1909f56bfc062723c751e8b465ee728b)
Start importing Assets/CMS_Project/Prefabs/chrono-crusade-remingtons-sword-free/Materials using Guid(31b6dbeb570787442af422010b028ea2) Importer(815301076,1909f56bfc062723c751e8b465ee728b)  -> (artifact id: '631569faa6ad6f260bfa80fb56a2f942') in 0.007458 seconds
  Import took 0.010958 seconds .

========================================================================
Received Prepare
Registering precompiled user dll's ...
Registered in 0.005708 seconds.
Begin MonoManager ReloadAssembly
Native extension for WindowsStandalone target not found
Native extension for WebGL target not found
Refreshing native plugins compatible for Editor in 0.94 ms, found 6 plugins.
Preloading 1 native plugins for Editor in 0.07 ms.
Mono: successfully reloaded assembly
- Completed reload, in  0.960 seconds
Platform modules already initialized, skipping
Shader 'Oculus/OVRMRCameraFrameLit': fallback shader 'Alpha-Diffuse' not found
Shader 'WFX/Transparent Specular': fallback shader 'Particles/Alpha Blended' not found
Shader 'WFX/Transparent Diffuse': fallback shader 'Particles/Alpha Blended' not found
Refreshing native plugins compatible for Editor in 0.89 ms, found 6 plugins.
Preloading 1 native plugins for Editor in 0.06 ms.
Unloading 2220 Unused Serialized files (Serialized files now loaded: 0)
System memory in use before: 208.2 MB.
System memory in use after: 207.7 MB.

Unloading 42 unused Assets to reduce memory usage. Loaded Objects now: 2805.
Total: 2.575400 ms (FindLiveObjects: 0.237900 ms CreateObjectMapping: 0.090900 ms MarkObjects: 1.869300 ms  DeleteObjects: 0.376300 ms)

========================================================================
Received Import Request.
  Time since last request: 435.599124 seconds.
  path: Assets/CMS_Project/Prefabs/holy-water/HolyWater.prefab
  artifactKey: Guid(1e71ecfd453e34846860c120e76b6805) Importer(815301076,1909f56bfc062723c751e8b465ee728b)
Start importing Assets/CMS_Project/Prefabs/holy-water/HolyWater.prefab using Guid(1e71ecfd453e34846860c120e76b6805) Importer(815301076,1909f56bfc062723c751e8b465ee728b)  -> (artifact id: 'cbb406dc7af1879c09597d9cc11b3668') in 0.189496 seconds
  Import took 0.197433 seconds .

========================================================================
Received Prepare
Registering precompiled user dll's ...
Registered in 0.006241 seconds.
Begin MonoManager ReloadAssembly
Native extension for WindowsStandalone target not found
Native extension for WebGL target not found
Refreshing native plugins compatible for Editor in 1.05 ms, found 6 plugins.
Preloading 1 native plugins for Editor in 0.10 ms.
Mono: successfully reloaded assembly
- Completed reload, in  1.038 seconds
Platform modules already initialized, skipping
Shader 'Oculus/OVRMRCameraFrameLit': fallback shader 'Alpha-Diffuse' not found
Shader 'WFX/Transparent Specular': fallback shader 'Particles/Alpha Blended' not found
Shader 'WFX/Transparent Diffuse': fallback shader 'Particles/Alpha Blended' not found
Refreshing native plugins compatible for Editor in 1.07 ms, found 6 plugins.
Preloading 1 native plugins for Editor in 0.07 ms.
Unloading 2220 Unused Serialized files (Serialized files now loaded: 0)
System memory in use before: 211.2 MB.
System memory in use after: 210.7 MB.

Unloading 42 unused Assets to reduce memory usage. Loaded Objects now: 2816.
Total: 2.772300 ms (FindLiveObjects: 0.264000 ms CreateObjectMapping: 0.121100 ms MarkObjects: 1.876900 ms  DeleteObjects: 0.509000 ms)

========================================================================
Received Prepare
Registering precompiled user dll's ...
Registered in 0.005465 seconds.
Begin MonoManager ReloadAssembly
Native extension for WindowsStandalone target not found
Native extension for WebGL target not found
Refreshing native plugins compatible for Editor in 0.91 ms, found 6 plugins.
Preloading 1 native plugins for Editor in 0.08 ms.
Mono: successfully reloaded assembly
- Completed reload, in  1.017 seconds
Platform modules already initialized, skipping
Shader 'Oculus/OVRMRCameraFrameLit': fallback shader 'Alpha-Diffuse' not found
Shader 'WFX/Transparent Specular': fallback shader 'Particles/Alpha Blended' not found
Shader 'WFX/Transparent Diffuse': fallback shader 'Particles/Alpha Blended' not found
Refreshing native plugins compatible for Editor in 1.01 ms, found 6 plugins.
Preloading 1 native plugins for Editor in 0.06 ms.
Unloading 2220 Unused Serialized files (Serialized files now loaded: 0)
System memory in use before: 211.2 MB.
System memory in use after: 210.7 MB.

Unloading 42 unused Assets to reduce memory usage. Loaded Objects now: 2820.
Total: 2.362100 ms (FindLiveObjects: 0.198700 ms CreateObjectMapping: 0.078600 ms MarkObjects: 1.696400 ms  DeleteObjects: 0.387600 ms)

========================================================================
Received Prepare
Registering precompiled user dll's ...
Registered in 0.005436 seconds.
Begin MonoManager ReloadAssembly
Native extension for WindowsStandalone target not found
Native extension for WebGL target not found
Refreshing native plugins compatible for Editor in 0.98 ms, found 6 plugins.
Preloading 1 native plugins for Editor in 0.07 ms.
Mono: successfully reloaded assembly
- Completed reload, in  0.979 seconds
Platform modules already initialized, skipping
Shader 'Oculus/OVRMRCameraFrameLit': fallback shader 'Alpha-Diffuse' not found
Shader 'WFX/Transparent Specular': fallback shader 'Particles/Alpha Blended' not found
Shader 'WFX/Transparent Diffuse': fallback shader 'Particles/Alpha Blended' not found
Refreshing native plugins compatible for Editor in 1.06 ms, found 6 plugins.
Preloading 1 native plugins for Editor in 0.07 ms.
Unloading 2220 Unused Serialized files (Serialized files now loaded: 0)
System memory in use before: 211.2 MB.
System memory in use after: 210.8 MB.

Unloading 42 unused Assets to reduce memory usage. Loaded Objects now: 2824.
Total: 2.759100 ms (FindLiveObjects: 0.247700 ms CreateObjectMapping: 0.078200 ms MarkObjects: 2.016100 ms  DeleteObjects: 0.416000 ms)

========================================================================
Received Import Request.
  Time since last request: 264.312962 seconds.
  path: Assets/CMS_Project/Prefabs/holy-water/HolyWater.prefab
  artifactKey: Guid(1e71ecfd453e34846860c120e76b6805) Importer(815301076,1909f56bfc062723c751e8b465ee728b)
Start importing Assets/CMS_Project/Prefabs/holy-water/HolyWater.prefab using Guid(1e71ecfd453e34846860c120e76b6805) Importer(815301076,1909f56bfc062723c751e8b465ee728b)  -> (artifact id: '5f5fe0f8fd9d9f7143b62d6dd806f881') in 0.130051 seconds
  Import took 0.135151 seconds .

========================================================================
Received Import Request.
  Time since last request: 0.002568 seconds.
  path: Assets/CMS_Project/Prefabs/holy-water/HolyWater.prefab
  artifactKey: Guid(1e71ecfd453e34846860c120e76b6805) Importer(815301076,1909f56bfc062723c751e8b465ee728b)
Start importing Assets/CMS_Project/Prefabs/holy-water/HolyWater.prefab using Guid(1e71ecfd453e34846860c120e76b6805) Importer(815301076,1909f56bfc062723c751e8b465ee728b)  -> (artifact id: '5f5fe0f8fd9d9f7143b62d6dd806f881') in 0.021796 seconds
  Import took 0.026136 seconds .

========================================================================
Received Import Request.
  Time since last request: 0.361724 seconds.
  path: Assets/CMS_Project/Prefabs/holy-water/HolyWater.prefab
  artifactKey: Guid(1e71ecfd453e34846860c120e76b6805) Importer(815301076,1909f56bfc062723c751e8b465ee728b)
Start importing Assets/CMS_Project/Prefabs/holy-water/HolyWater.prefab using Guid(1e71ecfd453e34846860c120e76b6805) Importer(815301076,1909f56bfc062723c751e8b465ee728b)  -> (artifact id: 'f25d5870671d9a65cd22e4789125aade') in 0.020072 seconds
  Import took 0.024542 seconds .

========================================================================
Received Import Request.
  Time since last request: 0.010900 seconds.
  path: Assets/CMS_Project/Prefabs/holy-water/HolyWater.prefab
  artifactKey: Guid(1e71ecfd453e34846860c120e76b6805) Importer(815301076,1909f56bfc062723c751e8b465ee728b)
Start importing Assets/CMS_Project/Prefabs/holy-water/HolyWater.prefab using Guid(1e71ecfd453e34846860c120e76b6805) Importer(815301076,1909f56bfc062723c751e8b465ee728b)  -> (artifact id: 'f25d5870671d9a65cd22e4789125aade') in 0.017749 seconds
  Import took 0.021851 seconds .

========================================================================
Received Import Request.
  Time since last request: 0.631675 seconds.
  path: Assets/CMS_Project/Prefabs/holy-water/HolyWater.prefab
  artifactKey: Guid(1e71ecfd453e34846860c120e76b6805) Importer(815301076,1909f56bfc062723c751e8b465ee728b)
Start importing Assets/CMS_Project/Prefabs/holy-water/HolyWater.prefab using Guid(1e71ecfd453e34846860c120e76b6805) Importer(815301076,1909f56bfc062723c751e8b465ee728b)  -> (artifact id: '23c994d9dae80ffdf71e85033a02a6b9') in 0.021792 seconds
  Import took 0.025880 seconds .

========================================================================
Received Import Request.
  Time since last request: 0.008486 seconds.
  path: Assets/CMS_Project/Prefabs/holy-water/HolyWater.prefab
  artifactKey: Guid(1e71ecfd453e34846860c120e76b6805) Importer(815301076,1909f56bfc062723c751e8b465ee728b)
Start importing Assets/CMS_Project/Prefabs/holy-water/HolyWater.prefab using Guid(1e71ecfd453e34846860c120e76b6805) Importer(815301076,1909f56bfc062723c751e8b465ee728b)  -> (artifact id: '23c994d9dae80ffdf71e85033a02a6b9') in 0.018154 seconds
  Import took 0.022459 seconds .

========================================================================
Received Import Request.
  Time since last request: 1.985535 seconds.
  path: Assets/CMS_Project/Prefabs/holy-water/HolyWater.prefab
  artifactKey: Guid(1e71ecfd453e34846860c120e76b6805) Importer(815301076,1909f56bfc062723c751e8b465ee728b)
Start importing Assets/CMS_Project/Prefabs/holy-water/HolyWater.prefab using Guid(1e71ecfd453e34846860c120e76b6805) Importer(815301076,1909f56bfc062723c751e8b465ee728b)  -> (artifact id: '191d21f9d5f19a9c6d6739468746b1c5') in 0.019369 seconds
  Import took 0.023362 seconds .

========================================================================
Received Prepare
Registering precompiled user dll's ...
Registered in 0.005903 seconds.
Begin MonoManager ReloadAssembly
Native extension for WindowsStandalone target not found
Native extension for WebGL target not found
Refreshing native plugins compatible for Editor in 1.01 ms, found 6 plugins.
Preloading 1 native plugins for Editor in 0.09 ms.
Mono: successfully reloaded assembly
- Completed reload, in  1.094 seconds
Platform modules already initialized, skipping
Shader 'Oculus/OVRMRCameraFrameLit': fallback shader 'Alpha-Diffuse' not found
Shader 'WFX/Transparent Specular': fallback shader 'Particles/Alpha Blended' not found
Shader 'WFX/Transparent Diffuse': fallback shader 'Particles/Alpha Blended' not found
Refreshing native plugins compatible for Editor in 1.22 ms, found 6 plugins.
Preloading 1 native plugins for Editor in 0.09 ms.
Unloading 2220 Unused Serialized files (Serialized files now loaded: 0)
System memory in use before: 211.1 MB.
System memory in use after: 210.7 MB.

Unloading 42 unused Assets to reduce memory usage. Loaded Objects now: 2829.
Total: 2.848300 ms (FindLiveObjects: 0.281800 ms CreateObjectMapping: 0.115100 ms MarkObjects: 2.043100 ms  DeleteObjects: 0.407100 ms)

========================================================================
Received Prepare
Registering precompiled user dll's ...
Registered in 0.005544 seconds.
Begin MonoManager ReloadAssembly
Native extension for WindowsStandalone target not found
Native extension for WebGL target not found
Refreshing native plugins compatible for Editor in 1.71 ms, found 6 plugins.
Preloading 1 native plugins for Editor in 0.13 ms.
Mono: successfully reloaded assembly
- Completed reload, in  1.054 seconds
Platform modules already initialized, skipping
Shader 'Oculus/OVRMRCameraFrameLit': fallback shader 'Alpha-Diffuse' not found
Shader 'WFX/Transparent Specular': fallback shader 'Particles/Alpha Blended' not found
Shader 'WFX/Transparent Diffuse': fallback shader 'Particles/Alpha Blended' not found
Refreshing native plugins compatible for Editor in 0.92 ms, found 6 plugins.
Preloading 1 native plugins for Editor in 0.06 ms.
Unloading 2220 Unused Serialized files (Serialized files now loaded: 0)
System memory in use before: 211.3 MB.
System memory in use after: 210.8 MB.

Unloading 42 unused Assets to reduce memory usage. Loaded Objects now: 2833.
Total: 2.506700 ms (FindLiveObjects: 0.220000 ms CreateObjectMapping: 0.101400 ms MarkObjects: 1.730100 ms  DeleteObjects: 0.454300 ms)

========================================================================
Received Prepare
Registering precompiled user dll's ...
Registered in 0.005453 seconds.
Begin MonoManager ReloadAssembly
Native extension for WindowsStandalone target not found
Native extension for WebGL target not found
Refreshing native plugins compatible for Editor in 0.94 ms, found 6 plugins.
Preloading 1 native plugins for Editor in 0.09 ms.
Mono: successfully reloaded assembly
- Completed reload, in  0.967 seconds
Platform modules already initialized, skipping
Shader 'Oculus/OVRMRCameraFrameLit': fallback shader 'Alpha-Diffuse' not found
Shader 'WFX/Transparent Specular': fallback shader 'Particles/Alpha Blended' not found
Shader 'WFX/Transparent Diffuse': fallback shader 'Particles/Alpha Blended' not found
Refreshing native plugins compatible for Editor in 0.91 ms, found 6 plugins.
Preloading 1 native plugins for Editor in 0.07 ms.
Unloading 2223 Unused Serialized files (Serialized files now loaded: 0)
System memory in use before: 211.4 MB.
System memory in use after: 211.0 MB.

Unloading 43 unused Assets to reduce memory usage. Loaded Objects now: 2839.
Total: 2.586200 ms (FindLiveObjects: 0.244100 ms CreateObjectMapping: 0.107600 ms MarkObjects: 1.805700 ms  DeleteObjects: 0.427800 ms)

========================================================================
Received Import Request.
  Time since last request: 1940.166571 seconds.
  path: Assets/CMS_Project/Prefabs/sheild/Materials
  artifactKey: Guid(ca3c08b2cb64d51459ce51897786f514) Importer(815301076,1909f56bfc062723c751e8b465ee728b)
Start importing Assets/CMS_Project/Prefabs/sheild/Materials using Guid(ca3c08b2cb64d51459ce51897786f514) Importer(815301076,1909f56bfc062723c751e8b465ee728b)  -> (artifact id: 'fcdf776bd6a7257bed8563f7fe203289') in 0.006336 seconds
  Import took 0.011556 seconds .

========================================================================
Received Import Request.
  Time since last request: 0.475001 seconds.
  path: Assets/CMS_Project/Prefabs/sheild/Meshes
  artifactKey: Guid(8f589cabf080a8c4190b6780ea892d73) Importer(815301076,1909f56bfc062723c751e8b465ee728b)
Start importing Assets/CMS_Project/Prefabs/sheild/Meshes using Guid(8f589cabf080a8c4190b6780ea892d73) Importer(815301076,1909f56bfc062723c751e8b465ee728b)  -> (artifact id: '59c1b3b676c817d6d68d37e94903c74b') in 0.006515 seconds
  Import took 0.010528 seconds .

========================================================================
Received Import Request.
  Time since last request: 0.452184 seconds.
  path: Assets/CMS_Project/Prefabs/sheild/Scripts
  artifactKey: Guid(409d44bc31c44f84aa6e39d24cca9524) Importer(815301076,1909f56bfc062723c751e8b465ee728b)
Start importing Assets/CMS_Project/Prefabs/sheild/Scripts using Guid(409d44bc31c44f84aa6e39d24cca9524) Importer(815301076,1909f56bfc062723c751e8b465ee728b)  -> (artifact id: '5b50376cca90c55428ac86b9072fabdd') in 0.006509 seconds
  Import took 0.010311 seconds .

========================================================================
Received Import Request.
  Time since last request: 0.350832 seconds.
  path: Assets/CMS_Project/Prefabs/sheild/Shaders
  artifactKey: Guid(30039628c7c9276499268f3fa703a5f5) Importer(815301076,1909f56bfc062723c751e8b465ee728b)
Start importing Assets/CMS_Project/Prefabs/sheild/Shaders using Guid(30039628c7c9276499268f3fa703a5f5) Importer(815301076,1909f56bfc062723c751e8b465ee728b)  -> (artifact id: '15bde35ca856d2fb273ca646998098de') in 0.006244 seconds
  Import took 0.009879 seconds .

========================================================================
Received Import Request.
  Time since last request: 2.109719 seconds.
  path: Assets/CMS_Project/Prefabs/sheild/Meshes/Shield.fbx
  artifactKey: Guid(625ae0bcffa0110468b0947f62c24dde) Importer(815301076,1909f56bfc062723c751e8b465ee728b)
Start importing Assets/CMS_Project/Prefabs/sheild/Meshes/Shield.fbx using Guid(625ae0bcffa0110468b0947f62c24dde) Importer(815301076,1909f56bfc062723c751e8b465ee728b)  -> (artifact id: '0013e4b15e161bf3f32543c8a8f2550c') in 0.189138 seconds
  Import took 0.192966 seconds .

========================================================================
Received Import Request.
  Time since last request: 56.945828 seconds.
  path: Assets/CMS_Project/Prefabs/sheild/Textures/Hex.png
  artifactKey: Guid(0d512a33c3005064fb3794c87171a45f) Importer(815301076,1909f56bfc062723c751e8b465ee728b)
Start importing Assets/CMS_Project/Prefabs/sheild/Textures/Hex.png using Guid(0d512a33c3005064fb3794c87171a45f) Importer(815301076,1909f56bfc062723c751e8b465ee728b)  -> (artifact id: 'b8594f491245f60112132c81f3aa787b') in 0.028982 seconds
  Import took 0.033268 seconds .

========================================================================
Received Import Request.
  Time since last request: 0.010234 seconds.
  path: Assets/CMS_Project/Prefabs/sheild/Textures/Hex.png
  artifactKey: Guid(0d512a33c3005064fb3794c87171a45f) Importer(815301076,1909f56bfc062723c751e8b465ee728b)
Start importing Assets/CMS_Project/Prefabs/sheild/Textures/Hex.png using Guid(0d512a33c3005064fb3794c87171a45f) Importer(815301076,1909f56bfc062723c751e8b465ee728b)  -> (artifact id: 'b8594f491245f60112132c81f3aa787b') in 0.013935 seconds
  Import took 0.017575 seconds .

========================================================================
Received Import Request.
  Time since last request: 16.062517 seconds.
  path: Assets/CMS_Project/Prefabs/sheild/Textures/HexPulse.png
  artifactKey: Guid(3ee1e6eb74366b74993b3c108f41a18c) Importer(815301076,1909f56bfc062723c751e8b465ee728b)
Start importing Assets/CMS_Project/Prefabs/sheild/Textures/HexPulse.png using Guid(3ee1e6eb74366b74993b3c108f41a18c) Importer(815301076,1909f56bfc062723c751e8b465ee728b)  -> (artifact id: '76973cad2bd6efa71e041a7f2d2a7159') in 0.014248 seconds
  Import took 0.017797 seconds .

========================================================================
Received Import Request.
  Time since last request: 0.010585 seconds.
  path: Assets/CMS_Project/Prefabs/sheild/Textures/HexPulse.png
  artifactKey: Guid(3ee1e6eb74366b74993b3c108f41a18c) Importer(815301076,1909f56bfc062723c751e8b465ee728b)
Start importing Assets/CMS_Project/Prefabs/sheild/Textures/HexPulse.png using Guid(3ee1e6eb74366b74993b3c108f41a18c) Importer(815301076,1909f56bfc062723c751e8b465ee728b)  -> (artifact id: '76973cad2bd6efa71e041a7f2d2a7159') in 0.010757 seconds
  Import took 0.014470 seconds .

========================================================================
Received Import Request.
  Time since last request: 2.373794 seconds.
  path: Assets/CMS_Project/Prefabs/sheild/Textures/HexEdge.png
  artifactKey: Guid(2d1a92df08a0e6947b97fcfdee6ed162) Importer(815301076,1909f56bfc062723c751e8b465ee728b)
Start importing Assets/CMS_Project/Prefabs/sheild/Textures/HexEdge.png using Guid(2d1a92df08a0e6947b97fcfdee6ed162) Importer(815301076,1909f56bfc062723c751e8b465ee728b)  -> (artifact id: '8b8e12a7613d1d460c8a909ac1f5f1cc') in 0.011995 seconds
  Import took 0.016377 seconds .

========================================================================
Received Import Request.
  Time since last request: 0.010865 seconds.
  path: Assets/CMS_Project/Prefabs/sheild/Textures/HexEdge.png
  artifactKey: Guid(2d1a92df08a0e6947b97fcfdee6ed162) Importer(815301076,1909f56bfc062723c751e8b465ee728b)
Start importing Assets/CMS_Project/Prefabs/sheild/Textures/HexEdge.png using Guid(2d1a92df08a0e6947b97fcfdee6ed162) Importer(815301076,1909f56bfc062723c751e8b465ee728b)  -> (artifact id: '8b8e12a7613d1d460c8a909ac1f5f1cc') in 0.009613 seconds
  Import took 0.013385 seconds .

========================================================================
Received Import Request.
  Time since last request: 2.317477 seconds.
  path: Assets/CMS_Project/Prefabs/sheild/Textures/HexBorder.png
  artifactKey: Guid(b4f78333ee91e9c42a8c552d29d1702d) Importer(815301076,1909f56bfc062723c751e8b465ee728b)
Start importing Assets/CMS_Project/Prefabs/sheild/Textures/HexBorder.png using Guid(b4f78333ee91e9c42a8c552d29d1702d) Importer(815301076,1909f56bfc062723c751e8b465ee728b)  -> (artifact id: '3390e2b702f08fccb26a957d1706a621') in 0.012230 seconds
  Import took 0.017793 seconds .

========================================================================
Received Import Request.
  Time since last request: 0.011093 seconds.
  path: Assets/CMS_Project/Prefabs/sheild/Textures/HexBorder.png
  artifactKey: Guid(b4f78333ee91e9c42a8c552d29d1702d) Importer(815301076,1909f56bfc062723c751e8b465ee728b)
Start importing Assets/CMS_Project/Prefabs/sheild/Textures/HexBorder.png using Guid(b4f78333ee91e9c42a8c552d29d1702d) Importer(815301076,1909f56bfc062723c751e8b465ee728b)  -> (artifact id: '3390e2b702f08fccb26a957d1706a621') in 0.006114 seconds
  Import took 0.011616 seconds .

========================================================================
Received Import Request.
  Time since last request: 12.402200 seconds.
  path: Assets/CMS_Project/Prefabs/sheild/Scripts/RenderDepthTexture.cs
  artifactKey: Guid(64f9fe54b6a6a7a449b69203f6d17aea) Importer(815301076,1909f56bfc062723c751e8b465ee728b)
Start importing Assets/CMS_Project/Prefabs/sheild/Scripts/RenderDepthTexture.cs using Guid(64f9fe54b6a6a7a449b69203f6d17aea) Importer(815301076,1909f56bfc062723c751e8b465ee728b)  -> (artifact id: '6e3e7e313b72763a81cb436ed89a3e3a') in 0.008873 seconds
  Import took 0.013392 seconds .

========================================================================
Received Import Request.
  Time since last request: 2.582344 seconds.
  path: Assets/CMS_Project/Prefabs/sheild/Scripts/Rotate.cs
  artifactKey: Guid(a36174ea2e1b6364b984bc236ab9dd77) Importer(815301076,1909f56bfc062723c751e8b465ee728b)
Start importing Assets/CMS_Project/Prefabs/sheild/Scripts/Rotate.cs using Guid(a36174ea2e1b6364b984bc236ab9dd77) Importer(815301076,1909f56bfc062723c751e8b465ee728b)  -> (artifact id: 'ab1f48f37356a70842fbe7265f4b71ad') in 0.006609 seconds
  Import took 0.010698 seconds .

========================================================================
Received Import Request.
  Time since last request: 150.008381 seconds.
  path: Assets/CMS_Project/Prefabs/stylized-cross/CristalCross.prefab
  artifactKey: Guid(7c266a9e719407949be5af9b989cda92) Importer(815301076,1909f56bfc062723c751e8b465ee728b)
Start importing Assets/CMS_Project/Prefabs/stylized-cross/CristalCross.prefab using Guid(7c266a9e719407949be5af9b989cda92) Importer(815301076,1909f56bfc062723c751e8b465ee728b)  -> (artifact id: '156b409308bd2f296b257f9efd9d6982') in 0.017776 seconds
  Import took 0.021680 seconds .

========================================================================
Received Prepare
Registering precompiled user dll's ...
Registered in 0.006126 seconds.
Begin MonoManager ReloadAssembly
Native extension for WindowsStandalone target not found
Native extension for WebGL target not found
Refreshing native plugins compatible for Editor in 0.89 ms, found 6 plugins.
Preloading 1 native plugins for Editor in 0.09 ms.
Mono: successfully reloaded assembly
- Completed reload, in  0.973 seconds
Platform modules already initialized, skipping
Shader 'Oculus/OVRMRCameraFrameLit': fallback shader 'Alpha-Diffuse' not found
Shader 'WFX/Transparent Specular': fallback shader 'Particles/Alpha Blended' not found
Shader 'WFX/Transparent Diffuse': fallback shader 'Particles/Alpha Blended' not found
Refreshing native plugins compatible for Editor in 0.91 ms, found 6 plugins.
Preloading 1 native plugins for Editor in 0.06 ms.
Unloading 2223 Unused Serialized files (Serialized files now loaded: 0)
System memory in use before: 211.8 MB.
System memory in use after: 211.3 MB.

Unloading 43 unused Assets to reduce memory usage. Loaded Objects now: 2881.
Total: 2.695400 ms (FindLiveObjects: 0.241900 ms CreateObjectMapping: 0.111300 ms MarkObjects: 1.886800 ms  DeleteObjects: 0.454300 ms)

========================================================================
Received Import Request.
  Time since last request: 177.370877 seconds.
  path: Assets/CMS_Project/Prefabs/holy-water/HolyWater.prefab
  artifactKey: Guid(1e71ecfd453e34846860c120e76b6805) Importer(815301076,1909f56bfc062723c751e8b465ee728b)
Start importing Assets/CMS_Project/Prefabs/holy-water/HolyWater.prefab using Guid(1e71ecfd453e34846860c120e76b6805) Importer(815301076,1909f56bfc062723c751e8b465ee728b)  -> (artifact id: '392eb1b2889357c77b17f4af370cc630') in 0.079886 seconds
  Import took 0.084780 seconds .

========================================================================
Received Import Request.
  Time since last request: 2.375152 seconds.
  path: Assets/CMS_Project/Prefabs/holy-water/HolyWater.prefab
  artifactKey: Guid(1e71ecfd453e34846860c120e76b6805) Importer(815301076,1909f56bfc062723c751e8b465ee728b)
Start importing Assets/CMS_Project/Prefabs/holy-water/HolyWater.prefab using Guid(1e71ecfd453e34846860c120e76b6805) Importer(815301076,1909f56bfc062723c751e8b465ee728b)  -> (artifact id: '40069e7e263cb140bcf9500e17d9207e') in 0.019279 seconds
  Import took 0.024008 seconds .

========================================================================
Received Import Request.
  Time since last request: 2.850789 seconds.
  path: Assets/CMS_Project/Prefabs/holy-water/HolyWater.prefab
  artifactKey: Guid(1e71ecfd453e34846860c120e76b6805) Importer(815301076,1909f56bfc062723c751e8b465ee728b)
Start importing Assets/CMS_Project/Prefabs/holy-water/HolyWater.prefab using Guid(1e71ecfd453e34846860c120e76b6805) Importer(815301076,1909f56bfc062723c751e8b465ee728b)  -> (artifact id: 'ee3a1f5f2d2c6e31df0cb62c425f1a0f') in 0.020843 seconds
  Import took 0.025040 seconds .

========================================================================
Received Import Request.
  Time since last request: 1.106397 seconds.
  path: Assets/CMS_Project/Prefabs/holy-water/HolyWater.prefab
  artifactKey: Guid(1e71ecfd453e34846860c120e76b6805) Importer(815301076,1909f56bfc062723c751e8b465ee728b)
Start importing Assets/CMS_Project/Prefabs/holy-water/HolyWater.prefab using Guid(1e71ecfd453e34846860c120e76b6805) Importer(815301076,1909f56bfc062723c751e8b465ee728b)  -> (artifact id: '173c62a7b6aa60429f217804e8107d2f') in 0.017973 seconds
  Import took 0.022243 seconds .

========================================================================
Received Import Request.
  Time since last request: 0.016590 seconds.
  path: Assets/CMS_Project/Prefabs/holy-water/HolyWater.prefab
  artifactKey: Guid(1e71ecfd453e34846860c120e76b6805) Importer(815301076,1909f56bfc062723c751e8b465ee728b)
Start importing Assets/CMS_Project/Prefabs/holy-water/HolyWater.prefab using Guid(1e71ecfd453e34846860c120e76b6805) Importer(815301076,1909f56bfc062723c751e8b465ee728b)  -> (artifact id: '173c62a7b6aa60429f217804e8107d2f') in 0.013498 seconds
  Import took 0.017290 seconds .

========================================================================
Received Import Request.
  Time since last request: 0.994917 seconds.
  path: Assets/CMS_Project/Prefabs/holy-water/HolyWater.prefab
  artifactKey: Guid(1e71ecfd453e34846860c120e76b6805) Importer(815301076,1909f56bfc062723c751e8b465ee728b)
Start importing Assets/CMS_Project/Prefabs/holy-water/HolyWater.prefab using Guid(1e71ecfd453e34846860c120e76b6805) Importer(815301076,1909f56bfc062723c751e8b465ee728b)  -> (artifact id: 'bd9f29c4bd42d4529ffca1d85be03008') in 0.018008 seconds
  Import took 0.021982 seconds .

========================================================================
Received Import Request.
  Time since last request: 0.014911 seconds.
  path: Assets/CMS_Project/Prefabs/holy-water/HolyWater.prefab
  artifactKey: Guid(1e71ecfd453e34846860c120e76b6805) Importer(815301076,1909f56bfc062723c751e8b465ee728b)
Start importing Assets/CMS_Project/Prefabs/holy-water/HolyWater.prefab using Guid(1e71ecfd453e34846860c120e76b6805) Importer(815301076,1909f56bfc062723c751e8b465ee728b)  -> (artifact id: 'bd9f29c4bd42d4529ffca1d85be03008') in 0.012877 seconds
  Import took 0.016804 seconds .

========================================================================
Received Import Request.
  Time since last request: 0.798855 seconds.
  path: Assets/CMS_Project/Prefabs/holy-water/HolyWater.prefab
  artifactKey: Guid(1e71ecfd453e34846860c120e76b6805) Importer(815301076,1909f56bfc062723c751e8b465ee728b)
Start importing Assets/CMS_Project/Prefabs/holy-water/HolyWater.prefab using Guid(1e71ecfd453e34846860c120e76b6805) Importer(815301076,1909f56bfc062723c751e8b465ee728b)  -> (artifact id: '8d5f21f4324f8ab13cc74c3bf5ef5bf1') in 0.017356 seconds
  Import took 0.021716 seconds .

========================================================================
Received Import Request.
  Time since last request: 0.014498 seconds.
  path: Assets/CMS_Project/Prefabs/holy-water/HolyWater.prefab
  artifactKey: Guid(1e71ecfd453e34846860c120e76b6805) Importer(815301076,1909f56bfc062723c751e8b465ee728b)
Start importing Assets/CMS_Project/Prefabs/holy-water/HolyWater.prefab using Guid(1e71ecfd453e34846860c120e76b6805) Importer(815301076,1909f56bfc062723c751e8b465ee728b)  -> (artifact id: '8d5f21f4324f8ab13cc74c3bf5ef5bf1') in 0.012464 seconds
  Import took 0.016637 seconds .

========================================================================
Received Prepare
Registering precompiled user dll's ...
Registered in 0.005582 seconds.
Begin MonoManager ReloadAssembly
Native extension for WindowsStandalone target not found
Native extension for WebGL target not found
Refreshing native plugins compatible for Editor in 0.95 ms, found 6 plugins.
Preloading 1 native plugins for Editor in 0.09 ms.
Mono: successfully reloaded assembly
- Completed reload, in  1.152 seconds
Platform modules already initialized, skipping
Shader 'Oculus/OVRMRCameraFrameLit': fallback shader 'Alpha-Diffuse' not found
Shader 'WFX/Transparent Specular': fallback shader 'Particles/Alpha Blended' not found
Shader 'WFX/Transparent Diffuse': fallback shader 'Particles/Alpha Blended' not found
Refreshing native plugins compatible for Editor in 1.07 ms, found 6 plugins.
Preloading 1 native plugins for Editor in 0.08 ms.
Unloading 2223 Unused Serialized files (Serialized files now loaded: 0)
System memory in use before: 211.8 MB.
System memory in use after: 211.3 MB.

Unloading 43 unused Assets to reduce memory usage. Loaded Objects now: 2886.
Total: 4.663100 ms (FindLiveObjects: 0.384200 ms CreateObjectMapping: 0.168500 ms MarkObjects: 3.439700 ms  DeleteObjects: 0.669100 ms)

========================================================================
Received Import Request.
  Time since last request: 13.837429 seconds.
  path: Assets/CMS_Project/Prefabs/holy-water/HolyWater.prefab
  artifactKey: Guid(1e71ecfd453e34846860c120e76b6805) Importer(815301076,1909f56bfc062723c751e8b465ee728b)
Start importing Assets/CMS_Project/Prefabs/holy-water/HolyWater.prefab using Guid(1e71ecfd453e34846860c120e76b6805) Importer(815301076,1909f56bfc062723c751e8b465ee728b)  -> (artifact id: 'ab633b04cb58af337cdc1241f36566b8') in 0.107773 seconds
  Import took 0.115672 seconds .

========================================================================
Received Import Request.
  Time since last request: 9.494147 seconds.
  path: Assets/CMS_Project/Prefabs/holy-water/HolyWater.prefab
  artifactKey: Guid(1e71ecfd453e34846860c120e76b6805) Importer(815301076,1909f56bfc062723c751e8b465ee728b)
Start importing Assets/CMS_Project/Prefabs/holy-water/HolyWater.prefab using Guid(1e71ecfd453e34846860c120e76b6805) Importer(815301076,1909f56bfc062723c751e8b465ee728b)  -> (artifact id: 'e480219f771857388613ad12a2d76463') in 0.026237 seconds
  Import took 0.031027 seconds .

========================================================================
Received Import Request.
  Time since last request: 11.538207 seconds.
  path: Assets/CMS_Project/Prefabs/holy-water/HolyWater.prefab
  artifactKey: Guid(1e71ecfd453e34846860c120e76b6805) Importer(815301076,1909f56bfc062723c751e8b465ee728b)
Start importing Assets/CMS_Project/Prefabs/holy-water/HolyWater.prefab using Guid(1e71ecfd453e34846860c120e76b6805) Importer(815301076,1909f56bfc062723c751e8b465ee728b)  -> (artifact id: '7e1dd8153514f621e630d054112912e9') in 0.023999 seconds
  Import took 0.029962 seconds .

========================================================================
Received Import Request.
  Time since last request: 15.917304 seconds.
  path: Assets/CMS_Project/Prefabs/holy-water/HolyWater.prefab
  artifactKey: Guid(1e71ecfd453e34846860c120e76b6805) Importer(815301076,1909f56bfc062723c751e8b465ee728b)
Start importing Assets/CMS_Project/Prefabs/holy-water/HolyWater.prefab using Guid(1e71ecfd453e34846860c120e76b6805) Importer(815301076,1909f56bfc062723c751e8b465ee728b)  -> (artifact id: '639c9314c6d9afa804438c6dc75f6d87') in 0.035960 seconds
  Import took 0.044713 seconds .

========================================================================
Received Import Request.
  Time since last request: 7.957287 seconds.
  path: Assets/CMS_Project/Prefabs/holy-water/HolyWater.prefab
  artifactKey: Guid(1e71ecfd453e34846860c120e76b6805) Importer(815301076,1909f56bfc062723c751e8b465ee728b)
Start importing Assets/CMS_Project/Prefabs/holy-water/HolyWater.prefab using Guid(1e71ecfd453e34846860c120e76b6805) Importer(815301076,1909f56bfc062723c751e8b465ee728b)  -> (artifact id: '5338cf251e86994feda64a757c721e53') in 0.026055 seconds
  Import took 0.032433 seconds .

========================================================================
Received Import Request.
  Time since last request: 2.642942 seconds.
  path: Assets/CMS_Project/Prefabs/holy-water/HolyWater.prefab
  artifactKey: Guid(1e71ecfd453e34846860c120e76b6805) Importer(815301076,1909f56bfc062723c751e8b465ee728b)
Start importing Assets/CMS_Project/Prefabs/holy-water/HolyWater.prefab using Guid(1e71ecfd453e34846860c120e76b6805) Importer(815301076,1909f56bfc062723c751e8b465ee728b)  -> (artifact id: 'e375946f416d7d74ae55ec9d416c9427') in 0.022389 seconds
  Import took 0.029262 seconds .

========================================================================
Received Prepare
Registering precompiled user dll's ...
Registered in 0.032600 seconds.
Begin MonoManager ReloadAssembly
Native extension for WindowsStandalone target not found
Native extension for WebGL target not found
Refreshing native plugins compatible for Editor in 0.99 ms, found 6 plugins.
Preloading 1 native plugins for Editor in 0.08 ms.
Mono: successfully reloaded assembly
- Completed reload, in  1.071 seconds
Platform modules already initialized, skipping
Shader 'Oculus/OVRMRCameraFrameLit': fallback shader 'Alpha-Diffuse' not found
Shader 'WFX/Transparent Specular': fallback shader 'Particles/Alpha Blended' not found
Shader 'WFX/Transparent Diffuse': fallback shader 'Particles/Alpha Blended' not found
Refreshing native plugins compatible for Editor in 0.99 ms, found 6 plugins.
Preloading 1 native plugins for Editor in 0.07 ms.
Unloading 2223 Unused Serialized files (Serialized files now loaded: 0)
System memory in use before: 211.8 MB.
System memory in use after: 211.3 MB.

Unloading 43 unused Assets to reduce memory usage. Loaded Objects now: 2891.
Total: 2.674700 ms (FindLiveObjects: 0.265400 ms CreateObjectMapping: 0.095400 ms MarkObjects: 1.801600 ms  DeleteObjects: 0.511500 ms)

========================================================================
Received Import Request.
  Time since last request: 717.218259 seconds.
  path: Assets/CMS_Project/Prefabs/holy-water/HolyWater.prefab
  artifactKey: Guid(1e71ecfd453e34846860c120e76b6805) Importer(815301076,1909f56bfc062723c751e8b465ee728b)
Start importing Assets/CMS_Project/Prefabs/holy-water/HolyWater.prefab using Guid(1e71ecfd453e34846860c120e76b6805) Importer(815301076,1909f56bfc062723c751e8b465ee728b)  -> (artifact id: '5047c257ca75dff9e9e3b0efd5f28870') in 0.091627 seconds
  Import took 0.096843 seconds .

========================================================================
Received Import Request.
  Time since last request: 5.615533 seconds.
  path: Assets/CMS_Project/Prefabs/holy-water/HolyWater.prefab
  artifactKey: Guid(1e71ecfd453e34846860c120e76b6805) Importer(815301076,1909f56bfc062723c751e8b465ee728b)
Start importing Assets/CMS_Project/Prefabs/holy-water/HolyWater.prefab using Guid(1e71ecfd453e34846860c120e76b6805) Importer(815301076,1909f56bfc062723c751e8b465ee728b)  -> (artifact id: '2b2db9a5dbe7ec230ebb91c065d0c16a') in 0.021636 seconds
  Import took 0.025733 seconds .

========================================================================
Received Prepare
Registering precompiled user dll's ...
Registered in 0.005691 seconds.
Begin MonoManager ReloadAssembly
Native extension for WindowsStandalone target not found
Native extension for WebGL target not found
Refreshing native plugins compatible for Editor in 0.96 ms, found 6 plugins.
Preloading 1 native plugins for Editor in 0.07 ms.
Mono: successfully reloaded assembly
- Completed reload, in  1.025 seconds
Platform modules already initialized, skipping
Shader 'Oculus/OVRMRCameraFrameLit': fallback shader 'Alpha-Diffuse' not found
Shader 'WFX/Transparent Specular': fallback shader 'Particles/Alpha Blended' not found
Shader 'WFX/Transparent Diffuse': fallback shader 'Particles/Alpha Blended' not found
Refreshing native plugins compatible for Editor in 0.90 ms, found 6 plugins.
Preloading 1 native plugins for Editor in 0.06 ms.
Unloading 2223 Unused Serialized files (Serialized files now loaded: 0)
System memory in use before: 211.9 MB.
System memory in use after: 211.4 MB.

Unloading 43 unused Assets to reduce memory usage. Loaded Objects now: 2896.
Total: 2.471800 ms (FindLiveObjects: 0.209900 ms CreateObjectMapping: 0.088100 ms MarkObjects: 1.751500 ms  DeleteObjects: 0.421400 ms)

========================================================================
Received Import Request.
  Time since last request: 694.632868 seconds.
  path: Assets/CMS_Project/Scripts/HMDRotate.cs
  artifactKey: Guid(c18d39366af3901479f29e213ff66919) Importer(815301076,1909f56bfc062723c751e8b465ee728b)
Start importing Assets/CMS_Project/Scripts/HMDRotate.cs using Guid(c18d39366af3901479f29e213ff66919) Importer(815301076,1909f56bfc062723c751e8b465ee728b)  -> (artifact id: 'cf4ce1d8e66abb71f29adf241df22e2f') in 0.012422 seconds
  Import took 0.019410 seconds .

========================================================================
Received Import Request.
  Time since last request: 0.008118 seconds.
  path: Assets/CMS_Project/Scripts/HMDRotate.cs
  artifactKey: Guid(c18d39366af3901479f29e213ff66919) Importer(815301076,1909f56bfc062723c751e8b465ee728b)
Start importing Assets/CMS_Project/Scripts/HMDRotate.cs using Guid(c18d39366af3901479f29e213ff66919) Importer(815301076,1909f56bfc062723c751e8b465ee728b)  -> (artifact id: 'cf4ce1d8e66abb71f29adf241df22e2f') in 0.002271 seconds
  Import took 0.006444 seconds .

========================================================================
Received Import Request.
  Time since last request: 1.715171 seconds.
  path: Assets/CMS_Project/Scripts/HpImageUI.cs
  artifactKey: Guid(2d233436a5fe1404683100bc76440eca) Importer(815301076,1909f56bfc062723c751e8b465ee728b)
Start importing Assets/CMS_Project/Scripts/HpImageUI.cs using Guid(2d233436a5fe1404683100bc76440eca) Importer(815301076,1909f56bfc062723c751e8b465ee728b)  -> (artifact id: '59c04e602e2ca9e42a27df093e22d673') in 0.006070 seconds
  Import took 0.010241 seconds .

